квіт. 29, 2022 2:36:20 ПП main.ua.advanced.practice6.factory.plot.classicDisneyPlotFactory.ClassicPlotFactory <init>
INFO: Hero: Ariel, beloved: Eric, villain: Ursula
квіт. 29, 2022 2:36:20 ПП main.ua.advanced.practice6.factory.plot.classicDisneyPlotFactory.ClassicPlotFactory <init>
INFO: Hero: Belle, beloved: Beast, villain: Gaston
квіт. 29, 2022 2:36:20 ПП main.ua.advanced.practice6.factory.plot.classicDisneyPlotFactory.ClassicPlotFactory <init>
INFO: Hero: Simba, beloved: Nala, villain: Scar
квіт. 29, 2022 2:36:20 ПП main.ua.advanced.practice6.factory.plot.classicDisneyPlotFactory.ClassicPlotFactory plot
INFO: Ariel is great. Ariel and Eric love each other. Ursula interferes with their happiness but loses in the end.
квіт. 29, 2022 2:36:20 ПП main.ua.advanced.practice6.factory.plot.classicDisneyPlotFactory.ClassicPlotFactory plot
INFO: Belle is great. Belle and Beast love each other. Gaston interferes with their happiness but loses in the end.
квіт. 29, 2022 2:36:20 ПП main.ua.advanced.practice6.factory.plot.classicDisneyPlotFactory.ClassicPlotFactory plot
INFO: Simba is great. Simba and Nala love each other. Scar interferes with their happiness but loses in the end.
квіт. 29, 2022 2:36:20 ПП main.ua.advanced.practice6.factory.plot.contemporaryDisneyPlotFactory.ContemporaryPlotFactory <init>
INFO: Hero: Mulan, epicCrisis: Hun invasion, funnyFriend: little dragon Mushu
квіт. 29, 2022 2:36:20 ПП main.ua.advanced.practice6.factory.plot.contemporaryDisneyPlotFactory.ContemporaryPlotFactory <init>
INFO: Hero: Anna, epicCrisis: her sister Elsa is overwhelmed by her magical powers, funnyFriend: snowman Olaf
квіт. 29, 2022 2:36:20 ПП main.ua.advanced.practice6.factory.plot.contemporaryDisneyPlotFactory.ContemporaryPlotFactory <init>
INFO: Hero: Moana, epicCrisis: a blight strikes the island, funnyFriend: shape-shifting demigod Maui
квіт. 29, 2022 2:36:20 ПП main.ua.advanced.practice6.factory.plot.contemporaryDisneyPlotFactory.ContemporaryPlotFactory plot
INFO: Mulan feels a bit awkward and uncomfortable. But personal issues fades, when a big trouble comes - Hun invasion. Mulan stands up against it, but with no success at first.But putting self together and help of friends, including spectacular funny little dragon Mushu restore the spirit and Mulan overcomes the crisis and gains gratitude and respect
квіт. 29, 2022 2:36:20 ПП main.ua.advanced.practice6.factory.plot.contemporaryDisneyPlotFactory.ContemporaryPlotFactory plot
INFO: Anna feels a bit awkward and uncomfortable. But personal issues fades, when a big trouble comes - her sister Elsa is overwhelmed by her magical powers. Anna stands up against it, but with no success at first.But putting self together and help of friends, including spectacular funny snowman Olaf restore the spirit and Anna overcomes the crisis and gains gratitude and respect
квіт. 29, 2022 2:36:20 ПП main.ua.advanced.practice6.factory.plot.contemporaryDisneyPlotFactory.ContemporaryPlotFactory plot
INFO: Moana feels a bit awkward and uncomfortable. But personal issues fades, when a big trouble comes - a blight strikes the island. Moana stands up against it, but with no success at first.But putting self together and help of friends, including spectacular funny shape-shifting demigod Maui restore the spirit and Moana overcomes the crisis and gains gratitude and respect
квіт. 29, 2022 2:36:20 ПП main.ua.advanced.practice6.factory.plot.marvelPlotFactory.MarvelPlotFactory <init>
INFO: Heroes: [main.ua.advanced.practice6.factory.plot.PlotFactoriesTest$$Lambda$80/0x0000000800c250c8@2a2d45ba], epicCrisis: Ten Rings is about to access Stark Industries technologies and that, villain: Obadiah Stane
квіт. 29, 2022 2:36:20 ПП main.ua.advanced.practice6.factory.plot.marvelPlotFactory.MarvelPlotFactory <init>
INFO: Heroes: [main.ua.advanced.practice6.factory.plot.PlotFactoriesTest$$Lambda$83/0x0000000800c25968@1b604f19, main.ua.advanced.practice6.factory.plot.PlotFactoriesTest$$Lambda$84/0x0000000800c25b90@7823a2f9, main.ua.advanced.practice6.factory.plot.PlotFactoriesTest$$Lambda$85/0x0000000800c25db8@4cc0edeb, main.ua.advanced.practice6.factory.plot.PlotFactoriesTest$$Lambda$86/0x0000000800c25fe0@457e2f02, main.ua.advanced.practice6.factory.plot.PlotFactoriesTest$$Lambda$87/0x0000000800c26208@5c7fa833, main.ua.advanced.practice6.factory.plot.PlotFactoriesTest$$Lambda$88/0x0000000800c26430@39aeed2f], epicCrisis: Chitauri Invasion, villain: Loki
квіт. 29, 2022 2:36:20 ПП main.ua.advanced.practice6.factory.plot.marvelPlotFactory.MarvelPlotFactory <init>
INFO: Heroes: [main.ua.advanced.practice6.factory.plot.PlotFactoriesTest$$Lambda$91/0x0000000800c26aa8@8bd1b6a, main.ua.advanced.practice6.factory.plot.PlotFactoriesTest$$Lambda$92/0x0000000800c26cd0@18be83e4, main.ua.advanced.practice6.factory.plot.PlotFactoriesTest$$Lambda$93/0x0000000800c26ef8@cb5822, main.ua.advanced.practice6.factory.plot.PlotFactoriesTest$$Lambda$94/0x0000000800c27120@4b9e13df, main.ua.advanced.practice6.factory.plot.PlotFactoriesTest$$Lambda$95/0x0000000800c27348@2b98378d], epicCrisis: Kree Invasion, villain: Ronan the Accuser
квіт. 29, 2022 2:36:20 ПП main.ua.advanced.practice6.factory.plot.marvelPlotFactory.MarvelPlotFactory plot
INFO: Ten Rings is about to access Stark Industries technologies and that threatens the world. But brave Iron Man on guard. So, no way that intrigues of Obadiah Stane overcome the willpower of inflexible heroes
квіт. 29, 2022 2:36:20 ПП main.ua.advanced.practice6.factory.plot.marvelPlotFactory.MarvelPlotFactory plot
INFO: Chitauri Invasion threatens the world. But brave Iron Man, brave Captain America, brave Hulk, brave Thor, brave Black Widow, brave HawkEye on guard. So, no way that intrigues of Loki overcome the willpower of inflexible heroes
квіт. 29, 2022 2:36:20 ПП main.ua.advanced.practice6.factory.plot.marvelPlotFactory.MarvelPlotFactory plot
INFO: Kree Invasion threatens the world. But brave Star-Lord, brave Gamora, brave Drax, brave Groot, brave Rocket on guard. So, no way that intrigues of Ronan the Accuser overcome the willpower of inflexible heroes
